This is pdfTeX, Version 3.14159265-2.6-1.40.21 (MiKTeX 2.9.7300 64-bit) (preloaded format=pdflatex 2020.2.19)  22 MAY 2020 18:51
entering extended mode
**./brief.tex
(brief.tex
LaTeX2e <2020-02-02> patch level 2
L3 programming layer <2020-02-14>
("E:\Users\Lucio A. Santos\AppData\Local\Programs\MiKTeX 2.9\tex/latex/base\art
icle.cls"
Document Class: article 2019/12/20 v1.4l Standard LaTeX document class

("E:\Users\Lucio A. Santos\AppData\Local\Programs\MiKTeX 2.9\tex/latex/base\siz
e10.clo"
File: size10.clo 2019/12/20 v1.4l Standard LaTeX file (size option)
)
\c@part=\count167
\c@section=\count168
\c@subsection=\count169
\c@subsubsection=\count170
\c@paragraph=\count171
\c@subparagraph=\count172
\c@figure=\count173
\c@table=\count174
\abovecaptionskip=\skip47
\belowcaptionskip=\skip48
\bibindent=\dimen134
)
("E:\Users\Lucio A. Santos\AppData\Local\Programs\MiKTeX 2.9\tex/latex/base\inp
utenc.sty"
Package: inputenc 2018/08/11 v1.3c Input encoding file
\inpenc@prehook=\toks14
\inpenc@posthook=\toks15
)
("E:\Users\Lucio A. Santos\AppData\Local\Programs\MiKTeX 2.9\tex/generic/babel\
babel.sty"
Package: babel 2020/02/14 3.40 The Babel package

("E:\Users\Lucio A. Santos\AppData\Local\Programs\MiKTeX 2.9\tex/generic/babel\
switch.def"
File: switch.def 2020/02/14 3.40 Babel switching mechanism
)
*************************************
* Local config file bblopts.cfg used
*

("E:\Users\Lucio A. Santos\AppData\Local\Programs\MiKTeX 2.9\tex/latex/arabi\bb
lopts.cfg"
File: bblopts.cfg 2005/09/08 v0.1 add Arabic and Farsi to "declared" options of
 babel
)
("E:\Users\Lucio A. Santos\AppData\Local\Programs\MiKTeX 2.9\tex/latex/babel-sp
anish\spanish.ldf"
Language: spanish.ldf 2016/03/03 v5.0p Spanish support from the babel system

("E:\Users\Lucio A. Santos\AppData\Local\Programs\MiKTeX 2.9\tex/generic/babel\
babel.def"
File: babel.def 2020/02/14 3.40 Babel common definitions
\babel@savecnt=\count175
\U@D=\dimen135

("E:\Users\Lucio A. Santos\AppData\Local\Programs\MiKTeX 2.9\tex/generic/babel\
txtbabel.def")
\bbl@readstream=\read2
\bbl@dirlevel=\count176
)
\es@quottoks=\toks16
\es@quotdepth=\count177
Package babel Info: Making " an active character on input line 561.
Package babel Info: Making . an active character on input line 662.
Package babel Info: Making < an active character on input line 707.
Package babel Info: Making > an active character on input line 707.
))
("E:\Users\Lucio A. Santos\AppData\Local\Programs\MiKTeX 2.9\tex/latex/pdfpages
\pdfpages.sty"
Package: pdfpages 2020/01/28 v0.5q Insert pages of external PDF documents (AM)

("E:\Users\Lucio A. Santos\AppData\Local\Programs\MiKTeX 2.9\tex/latex/base\ift
hen.sty"
Package: ifthen 2014/09/29 v1.1c Standard LaTeX ifthen package (DPC)
)
("E:\Users\Lucio A. Santos\AppData\Local\Programs\MiKTeX 2.9\tex/latex/tools\ca
lc.sty"
Package: calc 2017/05/25 v4.3 Infix arithmetic (KKT,FJ)
\calc@Acount=\count178
\calc@Bcount=\count179
\calc@Adimen=\dimen136
\calc@Bdimen=\dimen137
\calc@Askip=\skip49
\calc@Bskip=\skip50
LaTeX Info: Redefining \setlength on input line 80.
LaTeX Info: Redefining \addtolength on input line 81.
\calc@Ccount=\count180
\calc@Cskip=\skip51
)
("E:\Users\Lucio A. Santos\AppData\Local\Programs\MiKTeX 2.9\tex/latex/eso-pic\
eso-pic.sty"
Package: eso-pic 2018/04/12 v2.0h eso-pic (RN)

("E:\Users\Lucio A. Santos\AppData\Local\Programs\MiKTeX 2.9\tex/generic/atbegs
hi\atbegshi.sty"
Package: atbegshi 2019/12/05 v1.19 At begin shipout hook (HO)

("E:\Users\Lucio A. Santos\AppData\Local\Programs\MiKTeX 2.9\tex/generic/infwar
err\infwarerr.sty"
Package: infwarerr 2019/12/03 v1.5 Providing info/warning/error messages (HO)
)
("E:\Users\Lucio A. Santos\AppData\Local\Programs\MiKTeX 2.9\tex/generic/ltxcmd
s\ltxcmds.sty"
Package: ltxcmds 2019/12/15 v1.24 LaTeX kernel commands for general use (HO)
)
("E:\Users\Lucio A. Santos\AppData\Local\Programs\MiKTeX 2.9\tex/generic/iftex\
iftex.sty"
Package: iftex 2019/11/07 v1.0c TeX engine tests
))
("E:\Users\Lucio A. Santos\AppData\Local\Programs\MiKTeX 2.9\tex/latex/graphics
\keyval.sty"
Package: keyval 2014/10/28 v1.15 key=value parser (DPC)
\KV@toks@=\toks17
)
("E:\Users\Lucio A. Santos\AppData\Local\Programs\MiKTeX 2.9\tex/latex/xcolor\x
color.sty"
Package: xcolor 2016/05/11 v2.12 LaTeX color extensions (UK)

("E:\Users\Lucio A. Santos\AppData\Local\Programs\MiKTeX 2.9\tex/latex/graphics
-cfg\color.cfg"
File: color.cfg 2016/01/02 v1.6 sample color configuration
)
Package xcolor Info: Driver file: pdftex.def on input line 225.

("E:\Users\Lucio A. Santos\AppData\Local\Programs\MiKTeX 2.9\tex/latex/graphics
-def\pdftex.def"
File: pdftex.def 2018/01/08 v1.0l Graphics/color driver for pdftex
)
Package xcolor Info: Model `cmy' substituted by `cmy0' on input line 1348.
Package xcolor Info: Model `hsb' substituted by `rgb' on input line 1352.
Package xcolor Info: Model `RGB' extended on input line 1364.
Package xcolor Info: Model `HTML' substituted by `rgb' on input line 1366.
Package xcolor Info: Model `Hsb' substituted by `hsb' on input line 1367.
Package xcolor Info: Model `tHsb' substituted by `hsb' on input line 1368.
Package xcolor Info: Model `HSB' substituted by `hsb' on input line 1369.
Package xcolor Info: Model `Gray' substituted by `gray' on input line 1370.
Package xcolor Info: Model `wave' substituted by `hsb' on input line 1371.
))
("E:\Users\Lucio A. Santos\AppData\Local\Programs\MiKTeX 2.9\tex/latex/graphics
\graphicx.sty"
Package: graphicx 2019/11/30 v1.2a Enhanced LaTeX Graphics (DPC,SPQR)

("E:\Users\Lucio A. Santos\AppData\Local\Programs\MiKTeX 2.9\tex/latex/graphics
\graphics.sty"
Package: graphics 2019/11/30 v1.4a Standard LaTeX Graphics (DPC,SPQR)

("E:\Users\Lucio A. Santos\AppData\Local\Programs\MiKTeX 2.9\tex/latex/graphics
\trig.sty"
Package: trig 2016/01/03 v1.10 sin cos tan (DPC)
)
("E:\Users\Lucio A. Santos\AppData\Local\Programs\MiKTeX 2.9\tex/latex/graphics
-cfg\graphics.cfg"
File: graphics.cfg 2016/06/04 v1.11 sample graphics configuration
)
Package graphics Info: Driver file: pdftex.def on input line 105.
)
\Gin@req@height=\dimen138
\Gin@req@width=\dimen139
)
\AM@pagewidth=\dimen140
\AM@pageheight=\dimen141

("E:\Users\Lucio A. Santos\AppData\Local\Programs\MiKTeX 2.9\tex/latex/pdfpages
\pppdftex.def"
File: pppdftex.def 2020/01/28 v0.5q Pdfpages driver for pdfTeX (AM)
)
\AM@pagebox=\box45
\AM@global@opts=\toks18
\AM@pagecnt=\count181
\AM@toc@title=\toks19
\c@AM@survey=\count182
\AM@templatesizebox=\box46
)
("E:\Users\Lucio A. Santos\AppData\Local\Programs\MiKTeX 2.9\tex/latex/caption\
caption.sty"
Package: caption 2020/01/03 v3.4h Customizing captions (AR)

("E:\Users\Lucio A. Santos\AppData\Local\Programs\MiKTeX 2.9\tex/latex/caption\
caption3.sty"
Package: caption3 2020/01/03 v1.8h caption3 kernel (AR)
Package caption3 Info: TeX engine: e-TeX on input line 61.
\captionmargin=\dimen142
\captionmargin@=\dimen143
\captionwidth=\dimen144
\caption@tempdima=\dimen145
\caption@indent=\dimen146
\caption@parindent=\dimen147
\caption@hangindent=\dimen148
Package caption Info: Standard document class detected.
)
\c@caption@flags=\count183
\c@continuedfloat=\count184
)
("E:\Users\Lucio A. Santos\AppData\Local\Programs\MiKTeX 2.9\tex/latex/base\tex
tcomp.sty"
Package: textcomp 2020/02/02 v2.0n Standard LaTeX package
)
("E:\Users\Lucio A. Santos\AppData\Local\Programs\MiKTeX 2.9\tex/latex/was\gens
ymb.sty"
Package: gensymb 2003/07/02 v1.0 (WaS)
)
("E:\Users\Lucio A. Santos\AppData\Local\Programs\MiKTeX 2.9\tex/latex/fancyhdr
\fancyhdr.sty"
Package: fancyhdr 2019/01/31 v3.10 Extensive control of page headers and footer
s
\f@nch@headwidth=\skip52
\f@nch@O@elh=\skip53
\f@nch@O@erh=\skip54
\f@nch@O@olh=\skip55
\f@nch@O@orh=\skip56
\f@nch@O@elf=\skip57
\f@nch@O@erf=\skip58
\f@nch@O@olf=\skip59
\f@nch@O@orf=\skip60
)
("E:\Users\Lucio A. Santos\AppData\Local\Programs\MiKTeX 2.9\tex/latex/amsmath\
amsmath.sty"
Package: amsmath 2020/01/20 v2.17e AMS math features
\@mathmargin=\skip61

For additional information on amsmath, use the `?' option.

("E:\Users\Lucio A. Santos\AppData\Local\Programs\MiKTeX 2.9\tex/latex/amsmath\
amstext.sty"
Package: amstext 2000/06/29 v2.01 AMS text

("E:\Users\Lucio A. Santos\AppData\Local\Programs\MiKTeX 2.9\tex/latex/amsmath\
amsgen.sty"
File: amsgen.sty 1999/11/30 v2.0 generic functions
\@emptytoks=\toks20
\ex@=\dimen149
))
("E:\Users\Lucio A. Santos\AppData\Local\Programs\MiKTeX 2.9\tex/latex/amsmath\
amsbsy.sty"
Package: amsbsy 1999/11/29 v1.2d Bold Symbols
\pmbraise@=\dimen150
)
("E:\Users\Lucio A. Santos\AppData\Local\Programs\MiKTeX 2.9\tex/latex/amsmath\
amsopn.sty"
Package: amsopn 2016/03/08 v2.02 operator names
)
\inf@bad=\count185
LaTeX Info: Redefining \frac on input line 227.
\uproot@=\count186
\leftroot@=\count187
LaTeX Info: Redefining \overline on input line 389.
\classnum@=\count188
\DOTSCASE@=\count189
LaTeX Info: Redefining \ldots on input line 486.
LaTeX Info: Redefining \dots on input line 489.
LaTeX Info: Redefining \cdots on input line 610.
\Mathstrutbox@=\box47
\strutbox@=\box48
\big@size=\dimen151
LaTeX Font Info:    Redeclaring font encoding OML on input line 733.
LaTeX Font Info:    Redeclaring font encoding OMS on input line 734.
\macc@depth=\count190
\c@MaxMatrixCols=\count191
\dotsspace@=\muskip16
\c@parentequation=\count192
\dspbrk@lvl=\count193
\tag@help=\toks21
\row@=\count194
\column@=\count195
\maxfields@=\count196
\andhelp@=\toks22
\eqnshift@=\dimen152
\alignsep@=\dimen153
\tagshift@=\dimen154
\tagwidth@=\dimen155
\totwidth@=\dimen156
\lineht@=\dimen157
\@envbody=\toks23
\multlinegap=\skip62
\multlinetaggap=\skip63
\mathdisplay@stack=\toks24
LaTeX Info: Redefining \[ on input line 2859.
LaTeX Info: Redefining \] on input line 2860.
)
("E:\Users\Lucio A. Santos\AppData\Local\Programs\MiKTeX 2.9\tex/latex/base\all
tt.sty"
Package: alltt 1997/06/16 v2.0g defines alltt environment
)
("E:\Users\Lucio A. Santos\AppData\Local\Programs\MiKTeX 2.9\tex/latex/multirow
\multirow.sty"
Package: multirow 2019/05/31 v2.5 Span multiple rows of a table
\multirow@colwidth=\skip64
\multirow@cntb=\count197
\multirow@dima=\skip65
\bigstrutjot=\dimen158
)
("E:\Users\Lucio A. Santos\AppData\Local\Programs\MiKTeX 2.9\tex/latex/epstopdf
-pkg\epstopdf.sty"
Package: epstopdf 2020-01-24 v2.11 Conversion with epstopdf on the fly (HO)

("E:\Users\Lucio A. Santos\AppData\Local\Programs\MiKTeX 2.9\tex/latex/grfext\g
rfext.sty"
Package: grfext 2019/12/03 v1.3 Manage graphics extensions (HO)

("E:\Users\Lucio A. Santos\AppData\Local\Programs\MiKTeX 2.9\tex/generic/kvdefi
nekeys\kvdefinekeys.sty"
Package: kvdefinekeys 2019-12-19 v1.6 Define keys (HO)
))
("E:\Users\Lucio A. Santos\AppData\Local\Programs\MiKTeX 2.9\tex/latex/kvoption
s\kvoptions.sty"
Package: kvoptions 2019/11/29 v3.13 Key value format for package options (HO)

("E:\Users\Lucio A. Santos\AppData\Local\Programs\MiKTeX 2.9\tex/generic/kvsetk
eys\kvsetkeys.sty"
Package: kvsetkeys 2019/12/15 v1.18 Key value parser (HO)
))
("E:\Users\Lucio A. Santos\AppData\Local\Programs\MiKTeX 2.9\tex/latex/pdftexcm
ds\pdftexcmds.sty"
Package: pdftexcmds 2019/11/24 v0.31 Utility functions of pdfTeX for LuaTeX (HO
)
Package pdftexcmds Info: \pdf@primitive is available.
Package pdftexcmds Info: \pdf@ifprimitive is available.
Package pdftexcmds Info: \pdfdraftmode found.
)
("E:\Users\Lucio A. Santos\AppData\Local\Programs\MiKTeX 2.9\tex/latex/epstopdf
-pkg\epstopdf-base.sty"
Package: epstopdf-base 2020-01-24 v2.11 Base part for package epstopdf
Package epstopdf-base Info: Redefining graphics rule for `.eps' on input line 4
85.
Package grfext Info: Graphics extension search list:
(grfext)             [.pdf,.png,.jpg,.mps,.jpeg,.jbig2,.jb2,.PDF,.PNG,.JPG,.JPE
G,.JBIG2,.JB2,.eps]
(grfext)             \AppendGraphicsExtensions on input line 504.
))
("E:\Users\Lucio A. Santos\AppData\Local\Programs\MiKTeX 2.9\tex/latex/lastpage
\lastpage.sty"
Package: lastpage 2015/03/29 v1.2m Refers to last page's name (HMM; JPG)
)
("E:\Users\Lucio A. Santos\AppData\Local\Programs\MiKTeX 2.9\tex/latex/was\upgr
eek.sty"
Package: upgreek 2003/02/12 v2.0 (WaS)
Package upgreek Info: Using Euler Roman for upright Greek on input line 31.
\symugrf@m=\mathgroup4
LaTeX Font Info:    Overwriting symbol font `ugrf@m' in version `bold'
(Font)                  U/eur/m/n --> U/eur/b/n on input line 38.
)
("E:\Users\Lucio A. Santos\AppData\Local\Programs\MiKTeX 2.9\tex/latex/circuiti
kz\circuitikz.sty"
Package: circuitikz 2020/02/04{} The CircuiTikz circuit drawing package version
 1.0

("E:\Users\Lucio A. Santos\AppData\Local\Programs\MiKTeX 2.9\tex/latex/pgf/fron
tendlayer\tikz.sty"
("E:\Users\Lucio A. Santos\AppData\Local\Programs\MiKTeX 2.9\tex/latex/pgf/basi
clayer\pgf.sty"
("E:\Users\Lucio A. Santos\AppData\Local\Programs\MiKTeX 2.9\tex/latex/pgf/util
ities\pgfrcs.sty"
("E:\Users\Lucio A. Santos\AppData\Local\Programs\MiKTeX 2.9\tex/generic/pgf/ut
ilities\pgfutil-common.tex"
\pgfutil@everybye=\toks25
\pgfutil@tempdima=\dimen159
\pgfutil@tempdimb=\dimen160

("E:\Users\Lucio A. Santos\AppData\Local\Programs\MiKTeX 2.9\tex/generic/pgf/ut
ilities\pgfutil-common-lists.tex"))
("E:\Users\Lucio A. Santos\AppData\Local\Programs\MiKTeX 2.9\tex/generic/pgf/ut
ilities\pgfutil-latex.def"
\pgfutil@abb=\box49

("E:\Users\Lucio A. Santos\AppData\Local\Programs\MiKTeX 2.9\tex/latex/ms\every
shi.sty"
Package: everyshi 2001/05/15 v3.00 EveryShipout Package (MS)
))
("E:\Users\Lucio A. Santos\AppData\Local\Programs\MiKTeX 2.9\tex/generic/pgf/ut
ilities\pgfrcs.code.tex"
("E:\Users\Lucio A. Santos\AppData\Local\Programs\MiKTeX 2.9\tex/generic/pgf\pg
f.revision.tex")
Package: pgfrcs 2020/01/08 v3.1.5b (3.1.5b)
))
Package: pgf 2020/01/08 v3.1.5b (3.1.5b)

("E:\Users\Lucio A. Santos\AppData\Local\Programs\MiKTeX 2.9\tex/latex/pgf/basi
clayer\pgfcore.sty"
("E:\Users\Lucio A. Santos\AppData\Local\Programs\MiKTeX 2.9\tex/latex/pgf/syst
emlayer\pgfsys.sty"
("E:\Users\Lucio A. Santos\AppData\Local\Programs\MiKTeX 2.9\tex/generic/pgf/sy
stemlayer\pgfsys.code.tex"
Package: pgfsys 2020/01/08 v3.1.5b (3.1.5b)

("E:\Users\Lucio A. Santos\AppData\Local\Programs\MiKTeX 2.9\tex/generic/pgf/ut
ilities\pgfkeys.code.tex"
\pgfkeys@pathtoks=\toks26
\pgfkeys@temptoks=\toks27

("E:\Users\Lucio A. Santos\AppData\Local\Programs\MiKTeX 2.9\tex/generic/pgf/ut
ilities\pgfkeysfiltered.code.tex"
\pgfkeys@tmptoks=\toks28
))
\pgf@x=\dimen161
\pgf@y=\dimen162
\pgf@xa=\dimen163
\pgf@ya=\dimen164
\pgf@xb=\dimen165
\pgf@yb=\dimen166
\pgf@xc=\dimen167
\pgf@yc=\dimen168
\pgf@xd=\dimen169
\pgf@yd=\dimen170
\w@pgf@writea=\write3
\r@pgf@reada=\read3
\c@pgf@counta=\count198
\c@pgf@countb=\count199
\c@pgf@countc=\count266
\c@pgf@countd=\count267
\t@pgf@toka=\toks29
\t@pgf@tokb=\toks30
\t@pgf@tokc=\toks31
\pgf@sys@id@count=\count268

("E:\Users\Lucio A. Santos\AppData\Local\Programs\MiKTeX 2.9\tex/generic/pgf/sy
stemlayer\pgf.cfg"
File: pgf.cfg 2020/01/08 v3.1.5b (3.1.5b)
)
Driver file for pgf: pgfsys-pdftex.def

("E:\Users\Lucio A. Santos\AppData\Local\Programs\MiKTeX 2.9\tex/generic/pgf/sy
stemlayer\pgfsys-pdftex.def"
File: pgfsys-pdftex.def 2020/01/08 v3.1.5b (3.1.5b)

("E:\Users\Lucio A. Santos\AppData\Local\Programs\MiKTeX 2.9\tex/generic/pgf/sy
stemlayer\pgfsys-common-pdf.def"
File: pgfsys-common-pdf.def 2020/01/08 v3.1.5b (3.1.5b)
)))
("E:\Users\Lucio A. Santos\AppData\Local\Programs\MiKTeX 2.9\tex/generic/pgf/sy
stemlayer\pgfsyssoftpath.code.tex"
File: pgfsyssoftpath.code.tex 2020/01/08 v3.1.5b (3.1.5b)
\pgfsyssoftpath@smallbuffer@items=\count269
\pgfsyssoftpath@bigbuffer@items=\count270
)
("E:\Users\Lucio A. Santos\AppData\Local\Programs\MiKTeX 2.9\tex/generic/pgf/sy
stemlayer\pgfsysprotocol.code.tex"
File: pgfsysprotocol.code.tex 2020/01/08 v3.1.5b (3.1.5b)
))
("E:\Users\Lucio A. Santos\AppData\Local\Programs\MiKTeX 2.9\tex/generic/pgf/ba
siclayer\pgfcore.code.tex"
Package: pgfcore 2020/01/08 v3.1.5b (3.1.5b)

("E:\Users\Lucio A. Santos\AppData\Local\Programs\MiKTeX 2.9\tex/generic/pgf/ma
th\pgfmath.code.tex"
("E:\Users\Lucio A. Santos\AppData\Local\Programs\MiKTeX 2.9\tex/generic/pgf/ma
th\pgfmathcalc.code.tex"
("E:\Users\Lucio A. Santos\AppData\Local\Programs\MiKTeX 2.9\tex/generic/pgf/ma
th\pgfmathutil.code.tex")
("E:\Users\Lucio A. Santos\AppData\Local\Programs\MiKTeX 2.9\tex/generic/pgf/ma
th\pgfmathparser.code.tex"
\pgfmath@dimen=\dimen171
\pgfmath@count=\count271
\pgfmath@box=\box50
\pgfmath@toks=\toks32
\pgfmath@stack@operand=\toks33
\pgfmath@stack@operation=\toks34
)
("E:\Users\Lucio A. Santos\AppData\Local\Programs\MiKTeX 2.9\tex/generic/pgf/ma
th\pgfmathfunctions.code.tex"
("E:\Users\Lucio A. Santos\AppData\Local\Programs\MiKTeX 2.9\tex/generic/pgf/ma
th\pgfmathfunctions.basic.code.tex")
("E:\Users\Lucio A. Santos\AppData\Local\Programs\MiKTeX 2.9\tex/generic/pgf/ma
th\pgfmathfunctions.trigonometric.code.tex")
("E:\Users\Lucio A. Santos\AppData\Local\Programs\MiKTeX 2.9\tex/generic/pgf/ma
th\pgfmathfunctions.random.code.tex")
("E:\Users\Lucio A. Santos\AppData\Local\Programs\MiKTeX 2.9\tex/generic/pgf/ma
th\pgfmathfunctions.comparison.code.tex")
("E:\Users\Lucio A. Santos\AppData\Local\Programs\MiKTeX 2.9\tex/generic/pgf/ma
th\pgfmathfunctions.base.code.tex")
("E:\Users\Lucio A. Santos\AppData\Local\Programs\MiKTeX 2.9\tex/generic/pgf/ma
th\pgfmathfunctions.round.code.tex")
("E:\Users\Lucio A. Santos\AppData\Local\Programs\MiKTeX 2.9\tex/generic/pgf/ma
th\pgfmathfunctions.misc.code.tex")
("E:\Users\Lucio A. Santos\AppData\Local\Programs\MiKTeX 2.9\tex/generic/pgf/ma
th\pgfmathfunctions.integerarithmetics.code.tex")))
("E:\Users\Lucio A. Santos\AppData\Local\Programs\MiKTeX 2.9\tex/generic/pgf/ma
th\pgfmathfloat.code.tex"
\c@pgfmathroundto@lastzeros=\count272
))
("E:\Users\Lucio A. Santos\AppData\Local\Programs\MiKTeX 2.9\tex/generic/pgf/ma
th\pgfint.code.tex")
("E:\Users\Lucio A. Santos\AppData\Local\Programs\MiKTeX 2.9\tex/generic/pgf/ba
siclayer\pgfcorepoints.code.tex"
File: pgfcorepoints.code.tex 2020/01/08 v3.1.5b (3.1.5b)
\pgf@picminx=\dimen172
\pgf@picmaxx=\dimen173
\pgf@picminy=\dimen174
\pgf@picmaxy=\dimen175
\pgf@pathminx=\dimen176
\pgf@pathmaxx=\dimen177
\pgf@pathminy=\dimen178
\pgf@pathmaxy=\dimen179
\pgf@xx=\dimen180
\pgf@xy=\dimen181
\pgf@yx=\dimen182
\pgf@yy=\dimen183
\pgf@zx=\dimen184
\pgf@zy=\dimen185
)
("E:\Users\Lucio A. Santos\AppData\Local\Programs\MiKTeX 2.9\tex/generic/pgf/ba
siclayer\pgfcorepathconstruct.code.tex"
File: pgfcorepathconstruct.code.tex 2020/01/08 v3.1.5b (3.1.5b)
\pgf@path@lastx=\dimen186
\pgf@path@lasty=\dimen187
)
("E:\Users\Lucio A. Santos\AppData\Local\Programs\MiKTeX 2.9\tex/generic/pgf/ba
siclayer\pgfcorepathusage.code.tex"
File: pgfcorepathusage.code.tex 2020/01/08 v3.1.5b (3.1.5b)
\pgf@shorten@end@additional=\dimen188
\pgf@shorten@start@additional=\dimen189
)
("E:\Users\Lucio A. Santos\AppData\Local\Programs\MiKTeX 2.9\tex/generic/pgf/ba
siclayer\pgfcorescopes.code.tex"
File: pgfcorescopes.code.tex 2020/01/08 v3.1.5b (3.1.5b)
\pgfpic=\box51
\pgf@hbox=\box52
\pgf@layerbox@main=\box53
\pgf@picture@serial@count=\count273
)
("E:\Users\Lucio A. Santos\AppData\Local\Programs\MiKTeX 2.9\tex/generic/pgf/ba
siclayer\pgfcoregraphicstate.code.tex"
File: pgfcoregraphicstate.code.tex 2020/01/08 v3.1.5b (3.1.5b)
\pgflinewidth=\dimen190
)
("E:\Users\Lucio A. Santos\AppData\Local\Programs\MiKTeX 2.9\tex/generic/pgf/ba
siclayer\pgfcoretransformations.code.tex"
File: pgfcoretransformations.code.tex 2020/01/08 v3.1.5b (3.1.5b)
\pgf@pt@x=\dimen191
\pgf@pt@y=\dimen192
\pgf@pt@temp=\dimen193
)
("E:\Users\Lucio A. Santos\AppData\Local\Programs\MiKTeX 2.9\tex/generic/pgf/ba
siclayer\pgfcorequick.code.tex"
File: pgfcorequick.code.tex 2020/01/08 v3.1.5b (3.1.5b)
)
("E:\Users\Lucio A. Santos\AppData\Local\Programs\MiKTeX 2.9\tex/generic/pgf/ba
siclayer\pgfcoreobjects.code.tex"
File: pgfcoreobjects.code.tex 2020/01/08 v3.1.5b (3.1.5b)
)
("E:\Users\Lucio A. Santos\AppData\Local\Programs\MiKTeX 2.9\tex/generic/pgf/ba
siclayer\pgfcorepathprocessing.code.tex"
File: pgfcorepathprocessing.code.tex 2020/01/08 v3.1.5b (3.1.5b)
)
("E:\Users\Lucio A. Santos\AppData\Local\Programs\MiKTeX 2.9\tex/generic/pgf/ba
siclayer\pgfcorearrows.code.tex"
File: pgfcorearrows.code.tex 2020/01/08 v3.1.5b (3.1.5b)
\pgfarrowsep=\dimen194
)
("E:\Users\Lucio A. Santos\AppData\Local\Programs\MiKTeX 2.9\tex/generic/pgf/ba
siclayer\pgfcoreshade.code.tex"
File: pgfcoreshade.code.tex 2020/01/08 v3.1.5b (3.1.5b)
\pgf@max=\dimen195
\pgf@sys@shading@range@num=\count274
\pgf@shadingcount=\count275
)
("E:\Users\Lucio A. Santos\AppData\Local\Programs\MiKTeX 2.9\tex/generic/pgf/ba
siclayer\pgfcoreimage.code.tex"
File: pgfcoreimage.code.tex 2020/01/08 v3.1.5b (3.1.5b)

("E:\Users\Lucio A. Santos\AppData\Local\Programs\MiKTeX 2.9\tex/generic/pgf/ba
siclayer\pgfcoreexternal.code.tex"
File: pgfcoreexternal.code.tex 2020/01/08 v3.1.5b (3.1.5b)
\pgfexternal@startupbox=\box54
))
("E:\Users\Lucio A. Santos\AppData\Local\Programs\MiKTeX 2.9\tex/generic/pgf/ba
siclayer\pgfcorelayers.code.tex"
File: pgfcorelayers.code.tex 2020/01/08 v3.1.5b (3.1.5b)
)
("E:\Users\Lucio A. Santos\AppData\Local\Programs\MiKTeX 2.9\tex/generic/pgf/ba
siclayer\pgfcoretransparency.code.tex"
File: pgfcoretransparency.code.tex 2020/01/08 v3.1.5b (3.1.5b)
)
("E:\Users\Lucio A. Santos\AppData\Local\Programs\MiKTeX 2.9\tex/generic/pgf/ba
siclayer\pgfcorepatterns.code.tex"
File: pgfcorepatterns.code.tex 2020/01/08 v3.1.5b (3.1.5b)
)
("E:\Users\Lucio A. Santos\AppData\Local\Programs\MiKTeX 2.9\tex/generic/pgf/ba
siclayer\pgfcorerdf.code.tex"
File: pgfcorerdf.code.tex 2020/01/08 v3.1.5b (3.1.5b)
)))
("E:\Users\Lucio A. Santos\AppData\Local\Programs\MiKTeX 2.9\tex/generic/pgf/mo
dules\pgfmoduleshapes.code.tex"
File: pgfmoduleshapes.code.tex 2020/01/08 v3.1.5b (3.1.5b)
\pgfnodeparttextbox=\box55
)
("E:\Users\Lucio A. Santos\AppData\Local\Programs\MiKTeX 2.9\tex/generic/pgf/mo
dules\pgfmoduleplot.code.tex"
File: pgfmoduleplot.code.tex 2020/01/08 v3.1.5b (3.1.5b)
)
("E:\Users\Lucio A. Santos\AppData\Local\Programs\MiKTeX 2.9\tex/latex/pgf/comp
atibility\pgfcomp-version-0-65.sty"
Package: pgfcomp-version-0-65 2020/01/08 v3.1.5b (3.1.5b)
\pgf@nodesepstart=\dimen196
\pgf@nodesepend=\dimen197
)
("E:\Users\Lucio A. Santos\AppData\Local\Programs\MiKTeX 2.9\tex/latex/pgf/comp
atibility\pgfcomp-version-1-18.sty"
Package: pgfcomp-version-1-18 2020/01/08 v3.1.5b (3.1.5b)
))
("E:\Users\Lucio A. Santos\AppData\Local\Programs\MiKTeX 2.9\tex/latex/pgf/util
ities\pgffor.sty"
("E:\Users\Lucio A. Santos\AppData\Local\Programs\MiKTeX 2.9\tex/latex/pgf/util
ities\pgfkeys.sty"
("E:\Users\Lucio A. Santos\AppData\Local\Programs\MiKTeX 2.9\tex/generic/pgf/ut
ilities\pgfkeys.code.tex"))
("E:\Users\Lucio A. Santos\AppData\Local\Programs\MiKTeX 2.9\tex/latex/pgf/math
\pgfmath.sty"
("E:\Users\Lucio A. Santos\AppData\Local\Programs\MiKTeX 2.9\tex/generic/pgf/ma
th\pgfmath.code.tex"))
("E:\Users\Lucio A. Santos\AppData\Local\Programs\MiKTeX 2.9\tex/generic/pgf/ut
ilities\pgffor.code.tex"
Package: pgffor 2020/01/08 v3.1.5b (3.1.5b)

("E:\Users\Lucio A. Santos\AppData\Local\Programs\MiKTeX 2.9\tex/generic/pgf/ma
th\pgfmath.code.tex")
\pgffor@iter=\dimen198
\pgffor@skip=\dimen199
\pgffor@stack=\toks35
\pgffor@toks=\toks36
))
("E:\Users\Lucio A. Santos\AppData\Local\Programs\MiKTeX 2.9\tex/generic/pgf/fr
ontendlayer/tikz\tikz.code.tex"
Package: tikz 2020/01/08 v3.1.5b (3.1.5b)

("E:\Users\Lucio A. Santos\AppData\Local\Programs\MiKTeX 2.9\tex/generic/pgf/li
braries\pgflibraryplothandlers.code.tex"
File: pgflibraryplothandlers.code.tex 2020/01/08 v3.1.5b (3.1.5b)
\pgf@plot@mark@count=\count276
\pgfplotmarksize=\dimen256
)
\tikz@lastx=\dimen257
\tikz@lasty=\dimen258
\tikz@lastxsaved=\dimen259
\tikz@lastysaved=\dimen260
\tikz@lastmovetox=\dimen261
\tikz@lastmovetoy=\dimen262
\tikzleveldistance=\dimen263
\tikzsiblingdistance=\dimen264
\tikz@figbox=\box56
\tikz@figbox@bg=\box57
\tikz@tempbox=\box58
\tikz@tempbox@bg=\box59
\tikztreelevel=\count277
\tikznumberofchildren=\count278
\tikznumberofcurrentchild=\count279
\tikz@fig@count=\count280

("E:\Users\Lucio A. Santos\AppData\Local\Programs\MiKTeX 2.9\tex/generic/pgf/mo
dules\pgfmodulematrix.code.tex"
File: pgfmodulematrix.code.tex 2020/01/08 v3.1.5b (3.1.5b)
\pgfmatrixcurrentrow=\count281
\pgfmatrixcurrentcolumn=\count282
\pgf@matrix@numberofcolumns=\count283
)
\tikz@expandcount=\count284

("E:\Users\Lucio A. Santos\AppData\Local\Programs\MiKTeX 2.9\tex/generic/pgf/fr
ontendlayer/tikz/libraries\tikzlibrarytopaths.code.tex"
File: tikzlibrarytopaths.code.tex 2020/01/08 v3.1.5b (3.1.5b)
)))
("E:\Users\Lucio A. Santos\AppData\Local\Programs\MiKTeX 2.9\tex/generic/pgf/fr
ontendlayer/tikz/libraries\tikzlibrarycalc.code.tex"
File: tikzlibrarycalc.code.tex 2020/01/08 v3.1.5b (3.1.5b)
)
("E:\Users\Lucio A. Santos\AppData\Local\Programs\MiKTeX 2.9\tex/generic/pgf/li
braries\pgflibraryarrows.meta.code.tex"
File: pgflibraryarrows.meta.code.tex 2020/01/08 v3.1.5b (3.1.5b)
\pgfarrowinset=\dimen265
\pgfarrowlength=\dimen266
\pgfarrowwidth=\dimen267
\pgfarrowlinewidth=\dimen268
)
("E:\Users\Lucio A. Santos\AppData\Local\Programs\MiKTeX 2.9\tex/generic/pgf/fr
ontendlayer/tikz/libraries\tikzlibrarybending.code.tex"
File: tikzlibrarybending.code.tex 2020/01/08 v3.1.5b (3.1.5b)

("E:\Users\Lucio A. Santos\AppData\Local\Programs\MiKTeX 2.9\tex/generic/pgf/mo
dules\pgfmodulebending.code.tex"
File: pgfmodulebending.code.tex 2020/01/08 v3.1.5b (3.1.5b)

("E:\Users\Lucio A. Santos\AppData\Local\Programs\MiKTeX 2.9\tex/generic/pgf/mo
dules\pgfmodulenonlineartransformations.code.tex"
File: pgfmodulenonlineartransformations.code.tex 2020/01/08 v3.1.5b (3.1.5b)
\pgftransformnonlinearflatness=\dimen269
)
("E:\Users\Lucio A. Santos\AppData\Local\Programs\MiKTeX 2.9\tex/generic/pgf/li
braries\pgflibrarycurvilinear.code.tex"
File: pgflibrarycurvilinear.code.tex 2020/01/08 v3.1.5b (3.1.5b)
\pgf@curvilinear@time@a=\dimen270
\pgf@curvilinear@length@a=\dimen271
\pgf@curvilinear@length@b=\dimen272
\pgf@curvilinear@length@c=\dimen273
\pgf@curvilinear@length@d=\dimen274
)
\pgf@arrows@the@rigidity=\dimen275
))
("E:\Users\Lucio A. Santos\AppData\Local\Programs\MiKTeX 2.9\tex/generic/circui
tikz\pgfcirc.defines.tex"
\pgf@circ@count@a=\count285
\pgf@circ@count@b=\count286
\pgf@circ@count@c=\count287
\pgf@circ@res@up=\dimen276
\pgf@circ@res@down=\dimen277
\pgf@circ@res@zero=\dimen278
\pgf@circ@res@left=\dimen279
\pgf@circ@res@right=\dimen280
\pgf@circ@res@other=\dimen281
\pgf@circ@res@step=\dimen282
\pgf@circ@res@temp=\dimen283
\pgfstartlinewidth=\dimen284
\pgf@circ@Rlen=\dimen285
\pgf@circ@scaled@Rlen=\dimen286
)
("E:\Users\Lucio A. Santos\AppData\Local\Programs\MiKTeX 2.9\tex/generic/circui
tikz\pgfcircutils.tex")
("E:\Users\Lucio A. Santos\AppData\Local\Programs\MiKTeX 2.9\tex/generic/circui
tikz\pgfcircshapes.tex")
("E:\Users\Lucio A. Santos\AppData\Local\Programs\MiKTeX 2.9\tex/generic/circui
tikz\pgfcircmonopoles.tex")
("E:\Users\Lucio A. Santos\AppData\Local\Programs\MiKTeX 2.9\tex/generic/circui
tikz\pgfcircbipoles.tex")
("E:\Users\Lucio A. Santos\AppData\Local\Programs\MiKTeX 2.9\tex/generic/circui
tikz\pgfcirctripoles.tex"
\pgf@circ@res@count=\count288
)
("E:\Users\Lucio A. Santos\AppData\Local\Programs\MiKTeX 2.9\tex/generic/circui
tikz\pgfcircquadpoles.tex")
("E:\Users\Lucio A. Santos\AppData\Local\Programs\MiKTeX 2.9\tex/generic/circui
tikz\pgfcircmultipoles.tex")
("E:\Users\Lucio A. Santos\AppData\Local\Programs\MiKTeX 2.9\tex/generic/circui
tikz\pgfcirclabel.tex")
("E:\Users\Lucio A. Santos\AppData\Local\Programs\MiKTeX 2.9\tex/generic/circui
tikz\pgfcircvoltage.tex")
("E:\Users\Lucio A. Santos\AppData\Local\Programs\MiKTeX 2.9\tex/generic/circui
tikz\pgfcirccurrent.tex")
("E:\Users\Lucio A. Santos\AppData\Local\Programs\MiKTeX 2.9\tex/generic/circui
tikz\pgfcircflow.tex")
("E:\Users\Lucio A. Santos\AppData\Local\Programs\MiKTeX 2.9\tex/generic/circui
tikz\pgfcircpath.tex")

Package circuitikz Warning: You did not specify one of the voltage directions:
(circuitikz)                  oldvoltagedirection, nooldvoltagedirection, 
(circuitikz)                  RPvoltages or EFvoltages 
(circuitikz)                Default directions may have changed, 
(circuitikz)                please check the manual.

)
("E:\Users\Lucio A. Santos\AppData\Local\Programs\MiKTeX 2.9\tex/generic/pgf/fr
ontendlayer/tikz/libraries\tikzlibraryarrows.code.tex"
File: tikzlibraryarrows.code.tex 2020/01/08 v3.1.5b (3.1.5b)

("E:\Users\Lucio A. Santos\AppData\Local\Programs\MiKTeX 2.9\tex/generic/pgf/li
braries\pgflibraryarrows.code.tex"
File: pgflibraryarrows.code.tex 2020/01/08 v3.1.5b (3.1.5b)
\arrowsize=\dimen287
))
("E:\Users\Lucio A. Santos\AppData\Local\Programs\MiKTeX 2.9\tex/generic/pgf/fr
ontendlayer/tikz/libraries\tikzlibrarydecorations.markings.code.tex"
("E:\Users\Lucio A. Santos\AppData\Local\Programs\MiKTeX 2.9\tex/generic/pgf/fr
ontendlayer/tikz/libraries\tikzlibrarydecorations.code.tex"
("E:\Users\Lucio A. Santos\AppData\Local\Programs\MiKTeX 2.9\tex/generic/pgf/mo
dules\pgfmoduledecorations.code.tex"
\pgfdecoratedcompleteddistance=\dimen288
\pgfdecoratedremainingdistance=\dimen289
\pgfdecoratedinputsegmentcompleteddistance=\dimen290
\pgfdecoratedinputsegmentremainingdistance=\dimen291
\pgf@decorate@distancetomove=\dimen292
\pgf@decorate@repeatstate=\count289
\pgfdecorationsegmentamplitude=\dimen293
\pgfdecorationsegmentlength=\dimen294
)
\tikz@lib@dec@box=\box60
)
("E:\Users\Lucio A. Santos\AppData\Local\Programs\MiKTeX 2.9\tex/generic/pgf/li
braries/decorations\pgflibrarydecorations.markings.code.tex"))
("E:\Users\Lucio A. Santos\AppData\Local\Programs\MiKTeX 2.9\tex/latex/hyperref
\hyperref.sty"
Package: hyperref 2020/01/14 v7.00d Hypertext links for LaTeX

("E:\Users\Lucio A. Santos\AppData\Local\Programs\MiKTeX 2.9\tex/generic/pdfesc
ape\pdfescape.sty"
Package: pdfescape 2019/12/09 v1.15 Implements pdfTeX's escape features (HO)
)
("E:\Users\Lucio A. Santos\AppData\Local\Programs\MiKTeX 2.9\tex/latex/hycolor\
hycolor.sty"
Package: hycolor 2020-01-27 v1.10 Color options for hyperref/bookmark (HO)
)
("E:\Users\Lucio A. Santos\AppData\Local\Programs\MiKTeX 2.9\tex/latex/letltxma
cro\letltxmacro.sty"
Package: letltxmacro 2019/12/03 v1.6 Let assignment for LaTeX macros (HO)
)
("E:\Users\Lucio A. Santos\AppData\Local\Programs\MiKTeX 2.9\tex/latex/auxhook\
auxhook.sty"
Package: auxhook 2019-12-17 v1.6 Hooks for auxiliary files (HO)
)
\@linkdim=\dimen295
\Hy@linkcounter=\count290
\Hy@pagecounter=\count291

("E:\Users\Lucio A. Santos\AppData\Local\Programs\MiKTeX 2.9\tex/latex/hyperref
\pd1enc.def"
File: pd1enc.def 2020/01/14 v7.00d Hyperref: PDFDocEncoding definition (HO)
Now handling font encoding PD1 ...
... no UTF-8 mapping file for font encoding PD1
)
("E:\Users\Lucio A. Santos\AppData\Local\Programs\MiKTeX 2.9\tex/generic/intcal
c\intcalc.sty"
Package: intcalc 2019/12/15 v1.3 Expandable calculations with integers (HO)
)
("E:\Users\Lucio A. Santos\AppData\Local\Programs\MiKTeX 2.9\tex/generic/etexcm
ds\etexcmds.sty"
Package: etexcmds 2019/12/15 v1.7 Avoid name clashes with e-TeX commands (HO)
)
\Hy@SavedSpaceFactor=\count292
Package hyperref Info: Option `pdfpagelabels' set `true' on input line 4421.
Package hyperref Info: Option `bookmarks' set `true' on input line 4421.
Package hyperref Info: Option `hyperindex' set `true' on input line 4421.
Package hyperref Info: Option `hyperfigures' set `true' on input line 4421.
Package hyperref Info: Hyper figures ON on input line 4545.
Package hyperref Info: Link nesting OFF on input line 4552.
Package hyperref Info: Hyper index ON on input line 4555.
Package hyperref Info: Plain pages OFF on input line 4562.
Package hyperref Info: Backreferencing OFF on input line 4567.
Package hyperref Info: Implicit mode ON; LaTeX internals redefined.
Package hyperref Info: Bookmarks ON on input line 4800.
\c@Hy@tempcnt=\count293

("E:\Users\Lucio A. Santos\AppData\Local\Programs\MiKTeX 2.9\tex/latex/url\url.
sty"
\Urlmuskip=\muskip17
Package: url 2013/09/16  ver 3.4  Verb mode for urls, etc.
)
LaTeX Info: Redefining \url on input line 5159.
\XeTeXLinkMargin=\dimen296

("E:\Users\Lucio A. Santos\AppData\Local\Programs\MiKTeX 2.9\tex/generic/bitset
\bitset.sty"
Package: bitset 2019/12/09 v1.3 Handle bit-vector datatype (HO)

("E:\Users\Lucio A. Santos\AppData\Local\Programs\MiKTeX 2.9\tex/generic/bigint
calc\bigintcalc.sty"
Package: bigintcalc 2019/12/15 v1.5 Expandable calculations on big integers (HO
)
))
\Fld@menulength=\count294
\Field@Width=\dimen297
\Fld@charsize=\dimen298
Package hyperref Info: Hyper figures ON on input line 6428.
Package hyperref Info: Link nesting OFF on input line 6435.
Package hyperref Info: Hyper index ON on input line 6438.
Package hyperref Info: backreferencing OFF on input line 6445.
Package hyperref Info: Link coloring OFF on input line 6450.
Package hyperref Info: Link coloring with OCG OFF on input line 6455.
Package hyperref Info: PDF/A mode OFF on input line 6460.
LaTeX Info: Redefining \ref on input line 6500.
LaTeX Info: Redefining \pageref on input line 6504.
\Hy@abspage=\count295
\c@Item=\count296
\c@Hfootnote=\count297
)
Package hyperref Info: Driver (autodetected): hpdftex.

("E:\Users\Lucio A. Santos\AppData\Local\Programs\MiKTeX 2.9\tex/latex/hyperref
\hpdftex.def"
File: hpdftex.def 2020/01/14 v7.00d Hyperref driver for pdfTeX

("E:\Users\Lucio A. Santos\AppData\Local\Programs\MiKTeX 2.9\tex/latex/atveryen
d\atveryend.sty"
Package: atveryend 2019-12-11 v1.11 Hooks at the very end of document (HO)
Package atveryend Info: \enddocument detected (standard20110627).
)
\Fld@listcount=\count298
\c@bookmark@seq@number=\count299

("E:\Users\Lucio A. Santos\AppData\Local\Programs\MiKTeX 2.9\tex/latex/rerunfil
echeck\rerunfilecheck.sty"
Package: rerunfilecheck 2019/12/05 v1.9 Rerun checks for auxiliary files (HO)

("E:\Users\Lucio A. Santos\AppData\Local\Programs\MiKTeX 2.9\tex/generic/unique
counter\uniquecounter.sty"
Package: uniquecounter 2019/12/15 v1.4 Provide unlimited unique counter (HO)
)
Package uniquecounter Info: New unique counter `rerunfilecheck' on input line 2
86.
)
\Hy@SectionHShift=\skip66
)
("E:\Users\Lucio A. Santos\AppData\Local\Programs\MiKTeX 2.9\tex/latex/l3backen
d\l3backend-pdfmode.def"
File: l3backend-pdfmode.def 2020-02-03 L3 backend support: PDF mode
\l__kernel_color_stack_int=\count300
\l__pdf_internal_box=\box61
) (brief.aux
LaTeX Info: Redefining \. on input line 24.
LaTeX Info: Redefining \% on input line 24.
)
\openout1 = `brief.aux'.

LaTeX Font Info:    Checking defaults for OML/cmm/m/it on input line 58.
LaTeX Font Info:    ... okay on input line 58.
LaTeX Font Info:    Checking defaults for OMS/cmsy/m/n on input line 58.
LaTeX Font Info:    ... okay on input line 58.
LaTeX Font Info:    Checking defaults for OT1/cmr/m/n on input line 58.
LaTeX Font Info:    ... okay on input line 58.
LaTeX Font Info:    Checking defaults for T1/cmr/m/n on input line 58.
LaTeX Font Info:    ... okay on input line 58.
LaTeX Font Info:    Checking defaults for TS1/cmr/m/n on input line 58.
LaTeX Font Info:    ... okay on input line 58.
LaTeX Font Info:    Checking defaults for OMX/cmex/m/n on input line 58.
LaTeX Font Info:    ... okay on input line 58.
LaTeX Font Info:    Checking defaults for U/cmr/m/n on input line 58.
LaTeX Font Info:    ... okay on input line 58.
LaTeX Font Info:    Checking defaults for PD1/pdf/m/n on input line 58.
LaTeX Font Info:    ... okay on input line 58.
LaTeX Info: Redefining \. on input line 58.
LaTeX Info: Redefining \% on input line 58.
\AtBeginShipoutBox=\box62

("E:\Users\Lucio A. Santos\AppData\Local\Programs\MiKTeX 2.9\tex/context/base/m
kii\supp-pdf.mkii"
[Loading MPS to PDF converter (version 2006.09.02).]
\scratchcounter=\count301
\scratchdimen=\dimen299
\scratchbox=\box63
\nofMPsegments=\count302
\nofMParguments=\count303
\everyMPshowfont=\toks37
\MPscratchCnt=\count304
\MPscratchDim=\dimen300
\MPnumerator=\count305
\makeMPintoPDFobject=\count306
\everyMPtoPDFconversion=\toks38
)
("E:\Users\Lucio A. Santos\AppData\Local\Programs\MiKTeX 2.9\tex/latex/pdflscap
e\pdflscape.sty"
Package: pdflscape 2019/12/05 v0.12 Display of landscape pages in PDF (HO)

("E:\Users\Lucio A. Santos\AppData\Local\Programs\MiKTeX 2.9\tex/latex/graphics
\lscape.sty"
Package: lscape 2000/10/22 v3.01 Landscape Pages (DPC)
)
Package pdflscape Info: Auto-detected driver: pdftex on input line 81.
)
Package caption Info: Begin \AtBeginDocument code.
Package caption Info: hyperref package is loaded.
Package caption Info: End \AtBeginDocument code.
\symgns@font=\mathgroup5
LaTeX Font Info:    Overwriting symbol font `gns@font' in version `bold'
(Font)                  TS1/cmr/m/n --> TS1/cmr/b/n on input line 58.
Package gensymb Info: Math companion symbols declared on input line 58.
LaTeX Info: Redefining \degree on input line 58.
LaTeX Info: Redefining \celsius on input line 58.
Package gensymb Info: Using text companion symbols for \degree, \celsius and \p
erthousand on input line 58.
LaTeX Info: Redefining \ohm on input line 58.
Package gensymb Info: Using \textohm for \ohm on input line 58.
Package gensymb Info: Using \textmu for \micro on input line 58.
Package lastpage Info: Please have a look at the pageslts package at
(lastpage)             https://www.ctan.org/pkg/pageslts
(lastpage)             ! on input line 58.
 ABD: EveryShipout initializing macros
Package hyperref Info: Link coloring OFF on input line 58.

("E:\Users\Lucio A. Santos\AppData\Local\Programs\MiKTeX 2.9\tex/latex/hyperref
\nameref.sty"
Package: nameref 2019/09/16 v2.46 Cross-referencing by name of section

("E:\Users\Lucio A. Santos\AppData\Local\Programs\MiKTeX 2.9\tex/latex/refcount
\refcount.sty"
Package: refcount 2019/12/15 v3.6 Data extraction from label references (HO)
)
("E:\Users\Lucio A. Santos\AppData\Local\Programs\MiKTeX 2.9\tex/generic/gettit
lestring\gettitlestring.sty"
Package: gettitlestring 2019/12/15 v1.6 Cleanup title references (HO)
)
\c@section@level=\count307
)
LaTeX Info: Redefining \ref on input line 58.
LaTeX Info: Redefining \pageref on input line 58.
LaTeX Info: Redefining \nameref on input line 58.
 (brief.out) (brief.out)
\@outlinefile=\write4
\openout4 = `brief.out'.

<FCEIA-logo.png, id=74, 501.875pt x 238.8925pt>
File: FCEIA-logo.png Graphic file (type png)
<use FCEIA-logo.png>
Package pdftex.def Info: FCEIA-logo.png  used on input line 63.
(pdftex.def)             Requested size: 125.46843pt x 59.72298pt.

Overfull \hbox (11.65741pt too wide) in paragraph at lines 63--64
 []
 []

<LOGO-UNR-NEGRO.png, id=76, 765.6103pt x 775.39688pt>
File: LOGO-UNR-NEGRO.png Graphic file (type png)
<use LOGO-UNR-NEGRO.png>
Package pdftex.def Info: LOGO-UNR-NEGRO.png  used on input line 69.
(pdftex.def)             Requested size: 76.5655pt x 77.54422pt.

Underfull \hbox (badness 10000) in paragraph at lines 61--72

 []


Underfull \hbox (badness 10000) in paragraph at lines 91--98

 []


Underfull \hbox (badness 10000) in paragraph at lines 91--98

 []


Underfull \hbox (badness 10000) in paragraph at lines 91--98

 []


Overfull \hbox (2.22221pt too wide) in paragraph at lines 83--104
[] [] 
 []

[1

{C:/Users/Lucio A. Santos/AppData/Local/MiKTeX/2.9/pdftex/config/pdftex.map} <.
/FCEIA-logo.png> <./LOGO-UNR-NEGRO.png>] (brief.toc
LaTeX Info: Redefining \. on input line 1.
LaTeX Info: Redefining \% on input line 1.
)
\tf@toc=\write5
\openout5 = `brief.toc'.

File: FCEIA-logo.png Graphic file (type png)
<use FCEIA-logo.png>
Package pdftex.def Info: FCEIA-logo.png  used on input line 110.
(pdftex.def)             Requested size: 62.7342pt x 29.86148pt.
File: LOGO-UNR-NEGRO.png Graphic file (type png)
<use LOGO-UNR-NEGRO.png>
Package pdftex.def Info: LOGO-UNR-NEGRO.png  used on input line 110.
(pdftex.def)             Requested size: 45.93463pt x 46.5218pt.


Package Fancyhdr Warning: \headheight is too small (50.0pt): 
Make it at least 50.12184pt.
We now make it that large for the rest of the document.
This may cause the page layout to be inconsistent, however.


Package Fancyhdr Warning: \footskip is too small (0.0pt): 
Make it at least 14.7pt.
We now make it that large for the rest of the document.
This may cause the page layout to be inconsistent, however.

pdfTeX warning (ext4): destination with the same identifier (name{page.1}) has 
been already used, duplicate ignored
<to be read again> 
                   \relax 
l.110 \clearpage
                 [1]
Underfull \hbox (badness 10000) in paragraph at lines 114--121

 []


Underfull \hbox (badness 10000) in paragraph at lines 114--121

 []


Underfull \hbox (badness 10000) in paragraph at lines 114--121

 []

File: FCEIA-logo.png Graphic file (type png)
<use FCEIA-logo.png>
Package pdftex.def Info: FCEIA-logo.png  used on input line 140.
(pdftex.def)             Requested size: 62.7342pt x 29.86148pt.
File: LOGO-UNR-NEGRO.png Graphic file (type png)
<use LOGO-UNR-NEGRO.png>
Package pdftex.def Info: LOGO-UNR-NEGRO.png  used on input line 140.
(pdftex.def)             Requested size: 45.93463pt x 46.5218pt.
[2

]
Underfull \hbox (badness 10000) in paragraph at lines 146--157

 []


Underfull \hbox (badness 10000) in paragraph at lines 146--157

 []


Underfull \hbox (badness 10000) in paragraph at lines 146--157

 []


Underfull \hbox (badness 10000) in paragraph at lines 146--157

 []


Underfull \hbox (badness 10000) in paragraph at lines 146--157

 []

File: FCEIA-logo.png Graphic file (type png)
<use FCEIA-logo.png>
Package pdftex.def Info: FCEIA-logo.png  used on input line 170.
(pdftex.def)             Requested size: 62.7342pt x 29.86148pt.
File: LOGO-UNR-NEGRO.png Graphic file (type png)
<use LOGO-UNR-NEGRO.png>
Package pdftex.def Info: LOGO-UNR-NEGRO.png  used on input line 170.
(pdftex.def)             Requested size: 45.93463pt x 46.5218pt.
[3

]
\realshift=\dimen301

Overfull \hbox (17.54323pt too wide) in paragraph at lines 297--298
 [] 
 []

File: FCEIA-logo.png Graphic file (type png)
<use FCEIA-logo.png>
Package pdftex.def Info: FCEIA-logo.png  used on input line 360.
(pdftex.def)             Requested size: 62.7342pt x 29.86148pt.
File: LOGO-UNR-NEGRO.png Graphic file (type png)
<use LOGO-UNR-NEGRO.png>
Package pdftex.def Info: LOGO-UNR-NEGRO.png  used on input line 360.
(pdftex.def)             Requested size: 45.93463pt x 46.5218pt.
[4

]

LaTeX Warning: Citation `def_liion' on page 5 undefined on input line 370.


Underfull \hbox (badness 10000) in paragraph at lines 368--377

 []


Underfull \hbox (badness 10000) in paragraph at lines 368--377

 []


Underfull \hbox (badness 10000) in paragraph at lines 368--377

 []


Underfull \hbox (badness 10000) in paragraph at lines 368--377

 []

File: FCEIA-logo.png Graphic file (type png)
<use FCEIA-logo.png>
Package pdftex.def Info: FCEIA-logo.png  used on input line 382.
(pdftex.def)             Requested size: 62.7342pt x 29.86148pt.
File: LOGO-UNR-NEGRO.png Graphic file (type png)
<use LOGO-UNR-NEGRO.png>
Package pdftex.def Info: LOGO-UNR-NEGRO.png  used on input line 382.
(pdftex.def)             Requested size: 45.93463pt x 46.5218pt.
[5

]

LaTeX Warning: Reference `comparisson' on page 6 undefined on input line 392.


Underfull \hbox (badness 10000) in paragraph at lines 390--399

 []


Underfull \hbox (badness 10000) in paragraph at lines 390--399

 []


Underfull \hbox (badness 10000) in paragraph at lines 390--399

 []


Underfull \hbox (badness 10000) in paragraph at lines 390--399

 []

<assets/18650.jpg, id=144, 618.31pt x 626.34pt>
File: assets/18650.jpg Graphic file (type jpg)
<use assets/18650.jpg>
Package pdftex.def Info: assets/18650.jpg  used on input line 474.
(pdftex.def)             Requested size: 97.94727pt x 99.21294pt.
File: FCEIA-logo.png Graphic file (type png)
<use FCEIA-logo.png>
Package pdftex.def Info: FCEIA-logo.png  used on input line 480.
(pdftex.def)             Requested size: 62.7342pt x 29.86148pt.
File: LOGO-UNR-NEGRO.png Graphic file (type png)
<use LOGO-UNR-NEGRO.png>
Package pdftex.def Info: LOGO-UNR-NEGRO.png  used on input line 480.
(pdftex.def)             Requested size: 45.93463pt x 46.5218pt.
[6

 <./assets/18650.jpg>]

LaTeX Warning: Reference `ncr_table' on page 7 undefined on input line 484.

<assets/cc_cv_18650.png, id=157, 366.168pt x 234.476pt>
File: assets/cc_cv_18650.png Graphic file (type png)
<use assets/cc_cv_18650.png>
Package pdftex.def Info: assets/cc_cv_18650.png  used on input line 512.
(pdftex.def)             Requested size: 338.5863pt x 216.81891pt.
<assets/discharge_18650.png, id=158, 367.774pt x 244.915pt>
File: assets/discharge_18650.png Graphic file (type png)
<use assets/discharge_18650.png>
Package pdftex.def Info: assets/discharge_18650.png  used on input line 520.
(pdftex.def)             Requested size: 338.5863pt x 225.48895pt.

LaTeX Warning: `!h' float specifier changed to `!ht'.

<assets/life_cycle_18650.png, id=159, 371.789pt x 236.082pt>
File: assets/life_cycle_18650.png Graphic file (type png)
<use assets/life_cycle_18650.png>
Package pdftex.def Info: assets/life_cycle_18650.png  used on input line 528.
(pdftex.def)             Requested size: 338.5863pt x 215.00064pt.

LaTeX Warning: `!h' float specifier changed to `!ht'.

File: FCEIA-logo.png Graphic file (type png)
<use FCEIA-logo.png>
Package pdftex.def Info: FCEIA-logo.png  used on input line 534.
(pdftex.def)             Requested size: 62.7342pt x 29.86148pt.
File: LOGO-UNR-NEGRO.png Graphic file (type png)
<use LOGO-UNR-NEGRO.png>
Package pdftex.def Info: LOGO-UNR-NEGRO.png  used on input line 534.
(pdftex.def)             Requested size: 45.93463pt x 46.5218pt.
[7

 <./assets/cc_cv_18650.png>]
File: FCEIA-logo.png Graphic file (type png)
<use FCEIA-logo.png>
Package pdftex.def Info: FCEIA-logo.png  used on input line 534.
(pdftex.def)             Requested size: 62.7342pt x 29.86148pt.
File: LOGO-UNR-NEGRO.png Graphic file (type png)
<use LOGO-UNR-NEGRO.png>
Package pdftex.def Info: LOGO-UNR-NEGRO.png  used on input line 534.
(pdftex.def)             Requested size: 45.93463pt x 46.5218pt.
 [8 <./assets/discharge_18650.png> <./assets/life_cycle_18650.png>]
Underfull \hbox (badness 10000) in paragraph at lines 537--538

 []


Underfull \hbox (badness 10000) in paragraph at lines 539--540

 []


Underfull \hbox (badness 10000) in paragraph at lines 541--542

 []

pdfTeX warning (ext4): destination with the same identifier (name{equation.3.1}
) has been already used, duplicate ignored
<to be read again> 
                   \relax 
l.545 		\begin{equation}
                        pdfTeX warning (ext4): destination with the same identi
fier (name{equation.3.1}) has been already used, duplicate ignored
<to be read again> 
                   \relax 
l.545 		\begin{equation}
                        pdfTeX warning (ext4): destination with the same identi
fier (name{equation.3.1}) has been already used, duplicate ignored
<to be read again> 
                   \relax 
l.545 		\begin{equation}
                        pdfTeX warning (ext4): destination with the same identi
fier (name{equation.3.1}) has been already used, duplicate ignored
<to be read again> 
                   \relax 
l.545 		\begin{equation}
                        
Underfull \hbox (badness 10000) in paragraph at lines 551--552

 []

<assets/electric_battery_model_2_order.png, id=179, 382.42876pt x 124.96687pt>
File: assets/electric_battery_model_2_order.png Graphic file (type png)
<use assets/electric_battery_model_2_order.png>
Package pdftex.def Info: assets/electric_battery_model_2_order.png  used on inp
ut line 557.
(pdftex.def)             Requested size: 338.5863pt x 110.64621pt.
File: FCEIA-logo.png Graphic file (type png)
<use FCEIA-logo.png>
Package pdftex.def Info: FCEIA-logo.png  used on input line 563.
(pdftex.def)             Requested size: 62.7342pt x 29.86148pt.
File: LOGO-UNR-NEGRO.png Graphic file (type png)
<use LOGO-UNR-NEGRO.png>
Package pdftex.def Info: LOGO-UNR-NEGRO.png  used on input line 563.
(pdftex.def)             Requested size: 45.93463pt x 46.5218pt.
[9

 <./assets/electric_battery_model_2_order.png>]
Underfull \hbox (badness 10000) in paragraph at lines 564--570

 []


Underfull \hbox (badness 10000) in paragraph at lines 577--579

 []

<assets/EMF_Relaxation.png, id=194, 359.09157pt x 197.98969pt>
File: assets/EMF_Relaxation.png Graphic file (type png)
<use assets/EMF_Relaxation.png>
Package pdftex.def Info: assets/EMF_Relaxation.png  used on input line 603.
(pdftex.def)             Requested size: 338.5863pt x 186.69641pt.
File: FCEIA-logo.png Graphic file (type png)
<use FCEIA-logo.png>
Package pdftex.def Info: FCEIA-logo.png  used on input line 610.
(pdftex.def)             Requested size: 62.7342pt x 29.86148pt.
File: LOGO-UNR-NEGRO.png Graphic file (type png)
<use LOGO-UNR-NEGRO.png>
Package pdftex.def Info: LOGO-UNR-NEGRO.png  used on input line 610.
(pdftex.def)             Requested size: 45.93463pt x 46.5218pt.
[10

 <./assets/EMF_Relaxation.png>]
Underfull \hbox (badness 10000) in paragraph at lines 613--614

 []


Underfull \hbox (badness 10000) in paragraph at lines 623--624

 []


Underfull \hbox (badness 10000) in paragraph at lines 636--637

 []


Underfull \hbox (badness 10000) in paragraph at lines 647--648

 []


Underfull \hbox (badness 10000) in paragraph at lines 658--659

 []


Underfull \hbox (badness 10000) in paragraph at lines 669--670

 []

File: FCEIA-logo.png Graphic file (type png)
<use FCEIA-logo.png>
Package pdftex.def Info: FCEIA-logo.png  used on input line 690.
(pdftex.def)             Requested size: 62.7342pt x 29.86148pt.
File: LOGO-UNR-NEGRO.png Graphic file (type png)
<use LOGO-UNR-NEGRO.png>
Package pdftex.def Info: LOGO-UNR-NEGRO.png  used on input line 690.
(pdftex.def)             Requested size: 45.93463pt x 46.5218pt.
[11

]
<assets/Ro_vs_SOC.png, id=233, 521.69907pt x 213.79875pt>
File: assets/Ro_vs_SOC.png Graphic file (type png)
<use assets/Ro_vs_SOC.png>
Package pdftex.def Info: assets/Ro_vs_SOC.png  used on input line 709.
(pdftex.def)             Requested size: 338.5863pt x 138.75874pt.
File: FCEIA-logo.png Graphic file (type png)
<use FCEIA-logo.png>
Package pdftex.def Info: FCEIA-logo.png  used on input line 714.
(pdftex.def)             Requested size: 62.7342pt x 29.86148pt.
File: LOGO-UNR-NEGRO.png Graphic file (type png)
<use LOGO-UNR-NEGRO.png>
Package pdftex.def Info: LOGO-UNR-NEGRO.png  used on input line 714.
(pdftex.def)             Requested size: 45.93463pt x 46.5218pt.
 [12 <./assets/Ro_vs_SOC.png>]
<assets/EIS_Nyquist.png, id=247, 426.84468pt x 367.3725pt>
File: assets/EIS_Nyquist.png Graphic file (type png)
<use assets/EIS_Nyquist.png>
Package pdftex.def Info: assets/EIS_Nyquist.png  used on input line 720.
(pdftex.def)             Requested size: 338.5863pt x 291.4319pt.
File: FCEIA-logo.png Graphic file (type png)
<use FCEIA-logo.png>
Package pdftex.def Info: FCEIA-logo.png  used on input line 726.
(pdftex.def)             Requested size: 62.7342pt x 29.86148pt.
File: LOGO-UNR-NEGRO.png Graphic file (type png)
<use LOGO-UNR-NEGRO.png>
Package pdftex.def Info: LOGO-UNR-NEGRO.png  used on input line 726.
(pdftex.def)             Requested size: 45.93463pt x 46.5218pt.
 [13

 <./assets/EIS_Nyquist.png>]
Underfull \hbox (badness 10000) in paragraph at lines 731--732

 []


Underfull \hbox (badness 10000) in paragraph at lines 755--756

 []


Underfull \hbox (badness 10000) in paragraph at lines 757--758

 []

File: FCEIA-logo.png Graphic file (type png)
<use FCEIA-logo.png>
Package pdftex.def Info: FCEIA-logo.png  used on input line 790.
(pdftex.def)             Requested size: 62.7342pt x 29.86148pt.
File: LOGO-UNR-NEGRO.png Graphic file (type png)
<use LOGO-UNR-NEGRO.png>
Package pdftex.def Info: LOGO-UNR-NEGRO.png  used on input line 790.
(pdftex.def)             Requested size: 45.93463pt x 46.5218pt.
[14

]
File: FCEIA-logo.png Graphic file (type png)
<use FCEIA-logo.png>
Package pdftex.def Info: FCEIA-logo.png  used on input line 893.
(pdftex.def)             Requested size: 62.7342pt x 29.86148pt.
File: LOGO-UNR-NEGRO.png Graphic file (type png)
<use LOGO-UNR-NEGRO.png>
Package pdftex.def Info: LOGO-UNR-NEGRO.png  used on input line 893.
(pdftex.def)             Requested size: 45.93463pt x 46.5218pt.
 [15

]
File: FCEIA-logo.png Graphic file (type png)
<use FCEIA-logo.png>
Package pdftex.def Info: FCEIA-logo.png  used on input line 992.
(pdftex.def)             Requested size: 62.7342pt x 29.86148pt.
File: LOGO-UNR-NEGRO.png Graphic file (type png)
<use LOGO-UNR-NEGRO.png>
Package pdftex.def Info: LOGO-UNR-NEGRO.png  used on input line 992.
(pdftex.def)             Requested size: 45.93463pt x 46.5218pt.
 [16

]
File: FCEIA-logo.png Graphic file (type png)
<use FCEIA-logo.png>
Package pdftex.def Info: FCEIA-logo.png  used on input line 1060.
(pdftex.def)             Requested size: 62.7342pt x 29.86148pt.
File: LOGO-UNR-NEGRO.png Graphic file (type png)
<use LOGO-UNR-NEGRO.png>
Package pdftex.def Info: LOGO-UNR-NEGRO.png  used on input line 1060.
(pdftex.def)             Requested size: 45.93463pt x 46.5218pt.
 [17

]
Underfull \hbox (badness 10000) in paragraph at lines 1064--1065

 []


Underfull \hbox (badness 10000) in paragraph at lines 1081--1083

 []


Underfull \hbox (badness 10000) in paragraph at lines 1084--1085

 []


Underfull \hbox (badness 10000) in paragraph at lines 1086--1087

 []

Package epstopdf Info: Source file: <assets/KF_Integration_concept.eps>
(epstopdf)                    date: 2020-05-10 23:04:22
(epstopdf)                    size: 1001551 bytes
(epstopdf)             Output file: <assets/KF_Integration_concept-eps-converte
d-to.pdf>
(epstopdf)                    date: 2020-05-10 23:10:04
(epstopdf)                    size: 259182 bytes
(epstopdf)             Command: <epstopdf --outfile=assets/KF_Integration_conce
pt-eps-converted-to.pdf assets/KF_Integration_concept.eps>
(epstopdf)             \includegraphics on input line 1090.
Package epstopdf Info: Output file is already uptodate.


pdfTeX warning: pdflatex.exe (file ./assets/KF_Integration_concept-eps-converte
d-to.pdf): PDF inclusion: found PDF version <1.7>, but at most version <1.5> al
lowed
<assets/KF_Integration_concept-eps-converted-to.pdf, id=342, 1028.84375pt x 489
.83pt>
File: assets/KF_Integration_concept-eps-converted-to.pdf Graphic file (type pdf
)
<use assets/KF_Integration_concept-eps-converted-to.pdf>
Package pdftex.def Info: assets/KF_Integration_concept-eps-converted-to.pdf  us
ed on input line 1090.
(pdftex.def)             Requested size: 483.69684pt x 230.2874pt.
File: FCEIA-logo.png Graphic file (type png)
<use FCEIA-logo.png>
Package pdftex.def Info: FCEIA-logo.png  used on input line 1097.
(pdftex.def)             Requested size: 62.7342pt x 29.86148pt.
File: LOGO-UNR-NEGRO.png Graphic file (type png)
<use LOGO-UNR-NEGRO.png>
Package pdftex.def Info: LOGO-UNR-NEGRO.png  used on input line 1097.
(pdftex.def)             Requested size: 45.93463pt x 46.5218pt.
[18

 <./assets/KF_Integration_concept-eps-converted-to.pdf>]
Overfull \hbox (21.01324pt too wide) in paragraph at lines 1106--1117
[][] 
 []


Underfull \hbox (badness 10000) in paragraph at lines 1121--1124

 []

File: FCEIA-logo.png Graphic file (type png)
<use FCEIA-logo.png>
Package pdftex.def Info: FCEIA-logo.png  used on input line 1125.
(pdftex.def)             Requested size: 62.7342pt x 29.86148pt.
File: LOGO-UNR-NEGRO.png Graphic file (type png)
<use LOGO-UNR-NEGRO.png>
Package pdftex.def Info: LOGO-UNR-NEGRO.png  used on input line 1125.
(pdftex.def)             Requested size: 45.93463pt x 46.5218pt.
[19

] (brief.bbl) 
AED: lastpage setting LastPage
File: FCEIA-logo.png Graphic file (type png)
<use FCEIA-logo.png>
Package pdftex.def Info: FCEIA-logo.png  used on input line 1132.
(pdftex.def)             Requested size: 62.7342pt x 29.86148pt.
File: LOGO-UNR-NEGRO.png Graphic file (type png)
<use LOGO-UNR-NEGRO.png>
Package pdftex.def Info: LOGO-UNR-NEGRO.png  used on input line 1132.
(pdftex.def)             Requested size: 45.93463pt x 46.5218pt.
[20

]
Package atveryend Info: Empty hook `BeforeClearDocument' on input line 1132.
Package atveryend Info: Empty hook `AfterLastShipout' on input line 1132.
 (brief.aux
LaTeX Info: Redefining \. on input line 24.
LaTeX Info: Redefining \% on input line 24.
)
Package atveryend Info: Executing hook `AtVeryEndDocument' on input line 1132.
Package atveryend Info: Executing hook `AtEndAfterFileList' on input line 1132.

Package rerunfilecheck Info: File `brief.out' has not changed.
(rerunfilecheck)             Checksum: FB50FA95515A049604F67D81845E40A0;1292.


LaTeX Warning: There were undefined references.

Package atveryend Info: Empty hook `AtVeryVeryEnd' on input line 1132.
 ) 
Here is how much of TeX's memory you used:
 32886 strings out of 481556
 772604 string characters out of 2909187
 1158410 words of memory out of 3000000
 47511 multiletter control sequences out of 15000+200000
 537176 words of font info for 40 fonts, out of 3000000 for 9000
 1141 hyphenation exceptions out of 8191
 68i,16n,72p,1150b,1006s stack positions out of 5000i,500n,10000p,200000b,50000s
<E:/Users/Lucio A. Santos/AppData/Local/Programs/MiKTeX 2.9/fonts/type1/publi
c/amsfonts/cm/cmbx10.pfb><E:/Users/Lucio A. Santos/AppData/Local/Programs/MiKTe
X 2.9/fonts/type1/public/amsfonts/cm/cmbx12.pfb><E:/Users/Lucio A. Santos/AppDa
ta/Local/Programs/MiKTeX 2.9/fonts/type1/public/amsfonts/cm/cmbxti10.pfb><E:/Us
ers/Lucio A. Santos/AppData/Local/Programs/MiKTeX 2.9/fonts/type1/public/amsfon
ts/cm/cmex10.pfb><E:/Users/Lucio A. Santos/AppData/Local/Programs/MiKTeX 2.9/fo
nts/type1/public/amsfonts/cm/cmmi10.pfb><E:/Users/Lucio A. Santos/AppData/Local
/Programs/MiKTeX 2.9/fonts/type1/public/amsfonts/cm/cmmi5.pfb><E:/Users/Lucio A
. Santos/AppData/Local/Programs/MiKTeX 2.9/fonts/type1/public/amsfonts/cm/cmmi7
.pfb><E:/Users/Lucio A. Santos/AppData/Local/Programs/MiKTeX 2.9/fonts/type1/pu
blic/amsfonts/cm/cmr10.pfb><E:/Users/Lucio A. Santos/AppData/Local/Programs/MiK
TeX 2.9/fonts/type1/public/amsfonts/cm/cmr12.pfb><E:/Users/Lucio A. Santos/AppD
ata/Local/Programs/MiKTeX 2.9/fonts/type1/public/amsfonts/cm/cmr5.pfb><E:/Users
/Lucio A. Santos/AppData/Local/Programs/MiKTeX 2.9/fonts/type1/public/amsfonts/
cm/cmr7.pfb><E:/Users/Lucio A. Santos/AppData/Local/Programs/MiKTeX 2.9/fonts/t
ype1/public/amsfonts/cm/cmr9.pfb><E:/Users/Lucio A. Santos/AppData/Local/Progra
ms/MiKTeX 2.9/fonts/type1/public/amsfonts/cm/cmsy10.pfb><E:/Users/Lucio A. Sant
os/AppData/Local/Programs/MiKTeX 2.9/fonts/type1/public/amsfonts/cm/cmsy7.pfb><
E:/Users/Lucio A. Santos/AppData/Local/Programs/MiKTeX 2.9/fonts/type1/public/a
msfonts/cm/cmti10.pfb><E:/Users/Lucio A. Santos/AppData/Local/Programs/MiKTeX 2
.9/fonts/type1/public/amsfonts/euler/eurm10.pfb>
Output written on brief.pdf (21 pages, 870362 bytes).
PDF statistics:
 447 PDF objects out of 1000 (max. 8388607)
 130 named destinations out of 1000 (max. 500000)
 204 words of extra memory for PDF output out of 10000 (max. 10000000)

